0 info it worked if it ends with ok
1 verbose cli [ '/home/adolfo/.nvm/versions/node/v5.11.0/bin/node',
1 verbose cli   '/home/adolfo/.nvm/versions/node/v5.11.0/bin/npm',
1 verbose cli   'start' ]
2 info using npm@3.8.6
3 info using node@v5.11.0
4 verbose run-script [ 'prestart', 'start', 'poststart' ]
5 info lifecycle AppBooks@0.0.1~prestart: AppBooks@0.0.1
6 silly lifecycle AppBooks@0.0.1~prestart: no script for prestart, continuing
7 info lifecycle AppBooks@0.0.1~start: AppBooks@0.0.1
8 verbose lifecycle AppBooks@0.0.1~start: unsafe-perm in lifecycle true
9 verbose lifecycle AppBooks@0.0.1~start: PATH: /home/adolfo/.nvm/versions/node/v5.11.0/lib/node_modules/npm/bin/node-gyp-bin:/home/adolfo/prueba quialit/apiBooks/node_modules/.bin:/home/adolfo/.nvm/versions/node/v5.11.0/bin:/home/adolfo/.nvm/versions/node/v5.11.0/bin:/usr/games:/home/adolfo/npm-global/bin:/usr/local/sbin:/usr/local/bin:/usr/sbin:/usr/bin:/sbin:/bin:/usr/games:/usr/local/games:/snap/bin
10 verbose lifecycle AppBooks@0.0.1~start: CWD: /home/adolfo/prueba quialit/apiBooks
11 silly lifecycle AppBooks@0.0.1~start: Args: [ '-c', 'node server.js' ]
12 silly lifecycle AppBooks@0.0.1~start: Returned: code: 1  signal: null
13 info lifecycle AppBooks@0.0.1~start: Failed to exec start script
14 verbose stack Error: AppBooks@0.0.1 start: `node server.js`
14 verbose stack Exit status 1
14 verbose stack     at EventEmitter.<anonymous> (/home/adolfo/.nvm/versions/node/v5.11.0/lib/node_modules/npm/lib/utils/lifecycle.js:239:16)
14 verbose stack     at emitTwo (events.js:100:13)
14 verbose stack     at EventEmitter.emit (events.js:185:7)
14 verbose stack     at ChildProcess.<anonymous> (/home/adolfo/.nvm/versions/node/v5.11.0/lib/node_modules/npm/lib/utils/spawn.js:24:14)
14 verbose stack     at emitTwo (events.js:100:13)
14 verbose stack     at ChildProcess.emit (events.js:185:7)
14 verbose stack     at maybeClose (internal/child_process.js:850:16)
14 verbose stack     at Process.ChildProcess._handle.onexit (internal/child_process.js:215:5)
15 verbose pkgid AppBooks@0.0.1
16 verbose cwd /home/adolfo/prueba quialit/apiBooks
17 error Linux 4.4.0-21-generic
18 error argv "/home/adolfo/.nvm/versions/node/v5.11.0/bin/node" "/home/adolfo/.nvm/versions/node/v5.11.0/bin/npm" "start"
19 error node v5.11.0
20 error npm  v3.8.6
21 error code ELIFECYCLE
22 error AppBooks@0.0.1 start: `node server.js`
22 error Exit status 1
23 error Failed at the AppBooks@0.0.1 start script 'node server.js'.
23 error Make sure you have the latest version of node.js and npm installed.
23 error If you do, this is most likely a problem with the AppBooks package,
23 error not with npm itself.
23 error Tell the author that this fails on your system:
23 error     node server.js
23 error You can get information on how to open an issue for this project with:
23 error     npm bugs AppBooks
23 error Or if that isn't available, you can get their info via:
23 error     npm owner ls AppBooks
23 error There is likely additional logging output above.
24 verbose exit [ 1, true ]
